<?xml version="1.0" encoding="UTF-8"?>
<!-- Generated by org.testng.reporters.JUnitReportReporter -->
<testsuite skipped="0" hostname="DESKTOP-LHJD8G9" name="com.test.FlipkartTest" tests="1" failures="0" timestamp="2022-08-14T18:45:32 IST" time="95.265" errors="0">
  <testcase name="Homepage" time="95.265" classname="com.test.FlipkartTest"/>
  <system-out/>
</testsuite> <!-- com.test.FlipkartTest -->
